  Buffer.cpp
c:\users\wanghao\source\repos\opengl tutorial\opengl tutorial\buffer.h(18): error C2039: “vector”: 不是“std”的成员
  c:\program files (x86)\microsoft visual studio\2017\community\vc\tools\msvc\14.12.25827\include\cstdint(9): note: 参见“std”的声明
c:\users\wanghao\source\repos\opengl tutorial\opengl tutorial\buffer.h(18): error C2061: 语法错误: 标识符“vector”
c:\users\wanghao\source\repos\opengl tutorial\opengl tutorial\buffer.cpp(28): error C2511: “Renderer::Buffer::Buffer(std::vector<glm::vec3,std::allocator<_Ty>>,GLsizei)”:“Renderer::Buffer”中没有找到重载的成员函数
          with
          [
              _Ty=glm::vec3
          ]
  c:\users\wanghao\source\repos\opengl tutorial\opengl tutorial\buffer.h(14): note: 参见“Renderer::Buffer”的声明
c:\users\wanghao\source\repos\opengl tutorial\opengl tutorial\buffer.cpp(29): error C2597: 对非静态成员“Renderer::Buffer::mBufferID”的非法引用
c:\users\wanghao\source\repos\opengl tutorial\opengl tutorial\buffer.cpp(29): error C2664: “void (GLsizei,GLuint *)”: 无法将参数 2 从“GLuint Renderer::Buffer::* ”转换为“GLuint *”
  c:\users\wanghao\source\repos\opengl tutorial\opengl tutorial\buffer.cpp(29): note: 没有使该转换得以执行的上下文
c:\users\wanghao\source\repos\opengl tutorial\opengl tutorial\buffer.cpp(30): error C2597: 对非静态成员“Renderer::Buffer::mBufferID”的非法引用
c:\users\wanghao\source\repos\opengl tutorial\opengl tutorial\buffer.cpp(31): error C3867: “std::vector<glm::vec3,std::allocator<_Ty>>::data”: 非标准语法；请使用 "&" 来创建指向成员的指针
          with
          [
              _Ty=glm::vec3
          ]
  Batch.cpp
c:\users\wanghao\source\repos\opengl tutorial\opengl tutorial\buffer.h(18): error C2039: “vector”: 不是“std”的成员
  c:\program files (x86)\microsoft visual studio\2017\community\vc\tools\msvc\14.12.25827\include\cstdint(9): note: 参见“std”的声明
c:\users\wanghao\source\repos\opengl tutorial\opengl tutorial\buffer.h(18): error C2061: 语法错误: 标识符“vector”
  正在生成代码...
